4/16/2026 12:11:19 AM: [GetLocalProcesses] Total=50, Trusted=20, Untrusted=30
4/16/2026 12:11:19 AM: [LoadData] Retrieved 50 processes. IsConnected=False
4/16/2026 12:11:19 AM: [ApplyFilter] filtered=50
4/16/2026 12:11:19 AM: [ApplyFilter] ActiveProcesses.Count=50
4/16/2026 12:11:22 AM: [GetLocalProcesses] Total=50, Trusted=20, Untrusted=30
4/16/2026 12:11:22 AM: [LoadData] Retrieved 50 processes. IsConnected=False
4/16/2026 12:11:22 AM: [ApplyFilter] filtered=50
4/16/2026 12:11:22 AM: [ApplyFilter] ActiveProcesses.Count=50
4/16/2026 12:11:25 AM: [GetLocalProcesses] Total=50, Trusted=20, Untrusted=30
4/16/2026 12:11:25 AM: [LoadData] Retrieved 50 processes. IsConnected=False
4/16/2026 12:11:25 AM: [ApplyFilter] filtered=50
4/16/2026 12:11:25 AM: [ApplyFilter] ActiveProcesses.Count=50
4/16/2026 12:11:28 AM: [GetLocalProcesses] Total=50, Trusted=20, Untrusted=30
4/16/2026 12:11:28 AM: [LoadData] Retrieved 50 processes. IsConnected=False
4/16/2026 12:11:28 AM: [ApplyFilter] filtered=50
4/16/2026 12:11:28 AM: [ApplyFilter] ActiveProcesses.Count=50
4/16/2026 12:11:31 AM: [GetLocalProcesses] Total=50, Trusted=20, Untrusted=30
4/16/2026 12:11:31 AM: [LoadData] Retrieved 50 processes. IsConnected=False
4/16/2026 12:11:31 AM: [ApplyFilter] filtered=50
4/16/2026 12:11:31 AM: [ApplyFilter] ActiveProcesses.Count=50
4/16/2026 12:11:34 AM: [GetLocalProcesses] Total=50, Trusted=20, Untrusted=30
4/16/2026 12:11:34 AM: [LoadData] Retrieved 50 processes. IsConnected=False
4/16/2026 12:11:34 AM: [ApplyFilter] filtered=50
4/16/2026 12:11:34 AM: [ApplyFilter] ActiveProcesses.Count=50
4/16/2026 12:11:37 AM: [GetLocalProcesses] Total=50, Trusted=20, Untrusted=30
4/16/2026 12:11:37 AM: [LoadData] Retrieved 50 processes. IsConnected=False
4/16/2026 12:11:37 AM: [ApplyFilter] filtered=50
4/16/2026 12:11:37 AM: [ApplyFilter] ActiveProcesses.Count=50
4/16/2026 12:11:40 AM: [GetLocalProcesses] Total=50, Trusted=20, Untrusted=30
4/16/2026 12:11:40 AM: [LoadData] Retrieved 50 processes. IsConnected=True
4/16/2026 12:11:40 AM: [ApplyFilter] filtered=50
4/16/2026 12:11:40 AM: [ApplyFilter] ActiveProcesses.Count=50
4/16/2026 12:11:40 AM: [LoadData] Retrieved 41 processes. IsConnected=True
4/16/2026 12:11:40 AM: [ApplyFilter] filtered=41
4/16/2026 12:11:40 AM: [ApplyFilter] ActiveProcesses.Count=41
4/16/2026 12:11:42 AM: [LoadData] Retrieved 35 processes. IsConnected=True
4/16/2026 12:11:42 AM: [ApplyFilter] filtered=35
4/16/2026 12:11:42 AM: [ApplyFilter] ActiveProcesses.Count=35
4/16/2026 12:11:43 AM: [LoadData] Retrieved 35 processes. IsConnected=True
4/16/2026 12:11:43 AM: [ApplyFilter] filtered=35
4/16/2026 12:11:43 AM: [ApplyFilter] ActiveProcesses.Count=35
4/16/2026 12:11:43 AM: [ProcessMonitorView Loaded] DataContext type: ProcessMonitorViewModel
4/16/2026 12:11:43 AM: [ProcessMonitorView Loaded] ActiveProcesses.Count: 35
4/16/2026 12:11:45 AM: [LoadData] Retrieved 35 processes. IsConnected=True
4/16/2026 12:11:45 AM: [ApplyFilter] filtered=35
4/16/2026 12:11:45 AM: [ApplyFilter] ActiveProcesses.Count=35
4/16/2026 12:11:46 AM: [LoadData] Retrieved 35 processes. IsConnected=True
4/16/2026 12:11:46 AM: [ApplyFilter] filtered=35
4/16/2026 12:11:46 AM: [ApplyFilter] ActiveProcesses.Count=35
4/16/2026 12:11:49 AM: [LoadData] Retrieved 35 processes. IsConnected=True
4/16/2026 12:11:49 AM: [ApplyFilter] filtered=35
4/16/2026 12:11:49 AM: [ApplyFilter] ActiveProcesses.Count=35
4/16/2026 12:11:49 AM: [LoadData] Retrieved 35 processes. IsConnected=True
4/16/2026 12:11:49 AM: [ApplyFilter] filtered=35
4/16/2026 12:11:49 AM: [ApplyFilter] ActiveProcesses.Count=35
4/16/2026 12:11:52 AM: [LoadData] Retrieved 35 processes. IsConnected=True
4/16/2026 12:11:52 AM: [ApplyFilter] filtered=35
4/16/2026 12:11:52 AM: [ApplyFilter] ActiveProcesses.Count=35
4/16/2026 12:11:52 AM: [LoadData] Retrieved 35 processes. IsConnected=True
4/16/2026 12:11:52 AM: [ApplyFilter] filtered=35
4/16/2026 12:11:52 AM: [ApplyFilter] ActiveProcesses.Count=35
4/16/2026 12:11:55 AM: [LoadData] Retrieved 35 processes. IsConnected=True
4/16/2026 12:11:55 AM: [ApplyFilter] filtered=35
4/16/2026 12:11:55 AM: [ApplyFilter] ActiveProcesses.Count=35
4/16/2026 12:11:55 AM: [LoadData] Retrieved 35 processes. IsConnected=True
4/16/2026 12:11:55 AM: [ApplyFilter] filtered=35
4/16/2026 12:11:55 AM: [ApplyFilter] ActiveProcesses.Count=35
4/16/2026 12:11:58 AM: [LoadData] Retrieved 35 processes. IsConnected=True
4/16/2026 12:11:58 AM: [ApplyFilter] filtered=35
4/16/2026 12:11:58 AM: [ApplyFilter] ActiveProcesses.Count=35
4/16/2026 12:11:58 AM: [LoadData] Retrieved 35 processes. IsConnected=True
4/16/2026 12:11:58 AM: [ApplyFilter] filtered=35
4/16/2026 12:11:58 AM: [ApplyFilter] ActiveProcesses.Count=35
4/16/2026 12:12:01 AM: [LoadData] Retrieved 35 processes. IsConnected=True
4/16/2026 12:12:01 AM: [ApplyFilter] filtered=35
4/16/2026 12:12:01 AM: [ApplyFilter] ActiveProcesses.Count=35
4/16/2026 12:12:01 AM: [LoadData] Retrieved 35 processes. IsConnected=True
4/16/2026 12:12:01 AM: [ApplyFilter] filtered=35
4/16/2026 12:12:01 AM: [ApplyFilter] ActiveProcesses.Count=35
4/16/2026 12:12:04 AM: [LoadData] Retrieved 35 processes. IsConnected=True
4/16/2026 12:12:04 AM: [ApplyFilter] filtered=35
4/16/2026 12:12:04 AM: [ApplyFilter] ActiveProcesses.Count=35
4/16/2026 12:12:05 AM: [LoadData] Retrieved 35 processes. IsConnected=True
4/16/2026 12:12:05 AM: [ApplyFilter] filtered=35
4/16/2026 12:12:05 AM: [ApplyFilter] ActiveProcesses.Count=35
4/16/2026 12:12:07 AM: [LoadData] Retrieved 35 processes. IsConnected=True
4/16/2026 12:12:07 AM: [ApplyFilter] filtered=35
4/16/2026 12:12:07 AM: [ApplyFilter] ActiveProcesses.Count=35
4/16/2026 12:12:08 AM: [LoadData] Retrieved 35 processes. IsConnected=True
4/16/2026 12:12:08 AM: [ApplyFilter] filtered=35
4/16/2026 12:12:08 AM: [ApplyFilter] ActiveProcesses.Count=35
4/16/2026 12:12:10 AM: [LoadData] Retrieved 35 processes. IsConnected=True
4/16/2026 12:12:10 AM: [ApplyFilter] filtered=35
4/16/2026 12:12:10 AM: [ApplyFilter] ActiveProcesses.Count=35
4/16/2026 12:12:11 AM: [LoadData] Retrieved 35 processes. IsConnected=True
4/16/2026 12:12:11 AM: [ApplyFilter] filtered=35
4/16/2026 12:12:11 AM: [ApplyFilter] ActiveProcesses.Count=35
4/16/2026 12:12:13 AM: [LoadData] Retrieved 35 processes. IsConnected=True
4/16/2026 12:12:13 AM: [ApplyFilter] filtered=35
4/16/2026 12:12:13 AM: [ApplyFilter] ActiveProcesses.Count=35
4/16/2026 12:12:14 AM: [LoadData] Retrieved 35 processes. IsConnected=True
4/16/2026 12:12:14 AM: [ApplyFilter] filtered=35
4/16/2026 12:12:14 AM: [ApplyFilter] ActiveProcesses.Count=35
4/16/2026 12:12:16 AM: [LoadData] Retrieved 35 processes. IsConnected=True
4/16/2026 12:12:16 AM: [ApplyFilter] filtered=35
4/16/2026 12:12:16 AM: [ApplyFilter] ActiveProcesses.Count=35
4/16/2026 12:12:18 AM: [LoadData] Retrieved 35 processes. IsConnected=True
4/16/2026 12:12:18 AM: [ApplyFilter] filtered=35
4/16/2026 12:12:18 AM: [ApplyFilter] ActiveProcesses.Count=35
4/16/2026 12:12:19 AM: [LoadData] Retrieved 35 processes. IsConnected=True
4/16/2026 12:12:19 AM: [ApplyFilter] filtered=35
4/16/2026 12:12:19 AM: [ApplyFilter] ActiveProcesses.Count=35
4/16/2026 12:12:21 AM: [LoadData] Retrieved 35 processes. IsConnected=True
4/16/2026 12:12:21 AM: [ApplyFilter] filtered=35
4/16/2026 12:12:21 AM: [ApplyFilter] ActiveProcesses.Count=35
4/16/2026 12:12:22 AM: [LoadData] Retrieved 35 processes. IsConnected=True
4/16/2026 12:12:22 AM: [ApplyFilter] filtered=35
4/16/2026 12:12:22 AM: [ApplyFilter] ActiveProcesses.Count=35
4/16/2026 12:12:24 AM: [LoadData] Retrieved 35 processes. IsConnected=True
4/16/2026 12:12:24 AM: [ApplyFilter] filtered=35
4/16/2026 12:12:24 AM: [ApplyFilter] ActiveProcesses.Count=35
4/16/2026 12:12:25 AM: [LoadData] Retrieved 35 processes. IsConnected=True
4/16/2026 12:12:25 AM: [ApplyFilter] filtered=35
4/16/2026 12:12:25 AM: [ApplyFilter] ActiveProcesses.Count=35
4/16/2026 12:12:27 AM: [LoadData] Retrieved 35 processes. IsConnected=True
4/16/2026 12:12:27 AM: [ApplyFilter] filtered=35
4/16/2026 12:12:27 AM: [ApplyFilter] ActiveProcesses.Count=35
4/16/2026 12:12:28 AM: [LoadData] Retrieved 35 processes. IsConnected=True
4/16/2026 12:12:28 AM: [ApplyFilter] filtered=35
4/16/2026 12:12:28 AM: [ApplyFilter] ActiveProcesses.Count=35
4/16/2026 12:12:30 AM: [LoadData] Retrieved 35 processes. IsConnected=True
4/16/2026 12:12:30 AM: [ApplyFilter] filtered=35
4/16/2026 12:12:30 AM: [ApplyFilter] ActiveProcesses.Count=35
4/16/2026 12:12:31 AM: [LoadData] Retrieved 35 processes. IsConnected=True
4/16/2026 12:12:31 AM: [ApplyFilter] filtered=35
4/16/2026 12:12:31 AM: [ApplyFilter] ActiveProcesses.Count=35
4/16/2026 12:12:34 AM: [LoadData] Retrieved 35 processes. IsConnected=True
4/16/2026 12:12:34 AM: [ApplyFilter] filtered=35
4/16/2026 12:12:34 AM: [ApplyFilter] ActiveProcesses.Count=35
4/16/2026 12:12:34 AM: [LoadData] Retrieved 35 processes. IsConnected=True
4/16/2026 12:12:34 AM: [ApplyFilter] filtered=35
4/16/2026 12:12:34 AM: [ApplyFilter] ActiveProcesses.Count=35
4/16/2026 12:12:37 AM: [LoadData] Retrieved 35 processes. IsConnected=True
4/16/2026 12:12:37 AM: [ApplyFilter] filtered=35
4/16/2026 12:12:37 AM: [ApplyFilter] ActiveProcesses.Count=35
4/16/2026 12:12:37 AM: [LoadData] Retrieved 35 processes. IsConnected=True
4/16/2026 12:12:37 AM: [ApplyFilter] filtered=35
4/16/2026 12:12:37 AM: [ApplyFilter] ActiveProcesses.Count=35
4/16/2026 12:12:40 AM: [LoadData] Retrieved 35 processes. IsConnected=True
4/16/2026 12:12:40 AM: [ApplyFilter] filtered=35
4/16/2026 12:12:40 AM: [ApplyFilter] ActiveProcesses.Count=35
4/16/2026 12:12:40 AM: [LoadData] Retrieved 35 processes. IsConnected=True
4/16/2026 12:12:40 AM: [ApplyFilter] filtered=35
4/16/2026 12:12:40 AM: [ApplyFilter] ActiveProcesses.Count=35
4/16/2026 12:12:43 AM: [LoadData] Retrieved 35 processes. IsConnected=True
4/16/2026 12:12:43 AM: [ApplyFilter] filtered=35
4/16/2026 12:12:43 AM: [ApplyFilter] ActiveProcesses.Count=35
4/16/2026 12:12:43 AM: [LoadData] Retrieved 35 processes. IsConnected=True
4/16/2026 12:12:43 AM: [ApplyFilter] filtered=35
4/16/2026 12:12:43 AM: [ApplyFilter] ActiveProcesses.Count=35
4/16/2026 12:12:46 AM: [LoadData] Retrieved 35 processes. IsConnected=True
4/16/2026 12:12:46 AM: [ApplyFilter] filtered=35
4/16/2026 12:12:46 AM: [ApplyFilter] ActiveProcesses.Count=35
4/16/2026 12:12:46 AM: [LoadData] Retrieved 35 processes. IsConnected=True
4/16/2026 12:12:46 AM: [ApplyFilter] filtered=35
4/16/2026 12:12:46 AM: [ApplyFilter] ActiveProcesses.Count=35
4/16/2026 12:12:49 AM: [LoadData] Retrieved 35 processes. IsConnected=True
4/16/2026 12:12:49 AM: [ApplyFilter] filtered=35
4/16/2026 12:12:49 AM: [ApplyFilter] ActiveProcesses.Count=35
4/16/2026 12:12:50 AM: [LoadData] Retrieved 35 processes. IsConnected=True
4/16/2026 12:12:50 AM: [ApplyFilter] filtered=35
4/16/2026 12:12:50 AM: [ApplyFilter] ActiveProcesses.Count=35
4/16/2026 12:12:52 AM: [LoadData] Retrieved 35 processes. IsConnected=True
4/16/2026 12:12:52 AM: [ApplyFilter] filtered=35
4/16/2026 12:12:52 AM: [ApplyFilter] ActiveProcesses.Count=35
4/16/2026 12:12:53 AM: [LoadData] Retrieved 35 processes. IsConnected=True
4/16/2026 12:12:53 AM: [ApplyFilter] filtered=35
4/16/2026 12:12:53 AM: [ApplyFilter] ActiveProcesses.Count=35
4/16/2026 12:12:55 AM: [LoadData] Retrieved 35 processes. IsConnected=True
4/16/2026 12:12:55 AM: [ApplyFilter] filtered=35
4/16/2026 12:12:55 AM: [ApplyFilter] ActiveProcesses.Count=35
4/16/2026 12:12:56 AM: [LoadData] Retrieved 35 processes. IsConnected=True
4/16/2026 12:12:56 AM: [ApplyFilter] filtered=35
4/16/2026 12:12:56 AM: [ApplyFilter] ActiveProcesses.Count=35
4/16/2026 12:12:58 AM: [LoadData] Retrieved 35 processes. IsConnected=True
4/16/2026 12:12:58 AM: [ApplyFilter] filtered=35
4/16/2026 12:12:58 AM: [ApplyFilter] ActiveProcesses.Count=35
4/16/2026 12:12:59 AM: [LoadData] Retrieved 35 processes. IsConnected=True
4/16/2026 12:12:59 AM: [ApplyFilter] filtered=35
4/16/2026 12:12:59 AM: [ApplyFilter] ActiveProcesses.Count=35
4/16/2026 12:13:01 AM: [LoadData] Retrieved 35 processes. IsConnected=True
4/16/2026 12:13:01 AM: [ApplyFilter] filtered=35
4/16/2026 12:13:01 AM: [ApplyFilter] ActiveProcesses.Count=35
4/16/2026 12:13:03 AM: [LoadData] Retrieved 35 processes. IsConnected=True
4/16/2026 12:13:03 AM: [ApplyFilter] filtered=35
4/16/2026 12:13:03 AM: [ApplyFilter] ActiveProcesses.Count=35
4/16/2026 12:13:04 AM: [LoadData] Retrieved 35 processes. IsConnected=True
4/16/2026 12:13:04 AM: [ApplyFilter] filtered=35
4/16/2026 12:13:04 AM: [ApplyFilter] ActiveProcesses.Count=35
4/16/2026 12:13:06 AM: [LoadData] Retrieved 35 processes. IsConnected=True
4/16/2026 12:13:06 AM: [ApplyFilter] filtered=35
4/16/2026 12:13:06 AM: [ApplyFilter] ActiveProcesses.Count=35
4/16/2026 12:13:07 AM: [LoadData] Retrieved 35 processes. IsConnected=True
4/16/2026 12:13:07 AM: [ApplyFilter] filtered=35
4/16/2026 12:13:07 AM: [ApplyFilter] ActiveProcesses.Count=35
4/16/2026 12:13:09 AM: [LoadData] Retrieved 35 processes. IsConnected=True
4/16/2026 12:13:09 AM: [ApplyFilter] filtered=35
4/16/2026 12:13:09 AM: [ApplyFilter] ActiveProcesses.Count=35
4/16/2026 12:13:10 AM: [LoadData] Retrieved 35 processes. IsConnected=True
4/16/2026 12:13:10 AM: [ApplyFilter] filtered=35
4/16/2026 12:13:10 AM: [ApplyFilter] ActiveProcesses.Count=35
4/16/2026 12:13:12 AM: [LoadData] Retrieved 35 processes. IsConnected=True
4/16/2026 12:13:12 AM: [ApplyFilter] filtered=35
4/16/2026 12:13:12 AM: [ApplyFilter] ActiveProcesses.Count=35
4/16/2026 12:13:13 AM: [LoadData] Retrieved 35 processes. IsConnected=True
4/16/2026 12:13:13 AM: [ApplyFilter] filtered=35
4/16/2026 12:13:13 AM: [ApplyFilter] ActiveProcesses.Count=35
4/16/2026 12:13:15 AM: [LoadData] Retrieved 35 processes. IsConnected=True
4/16/2026 12:13:15 AM: [ApplyFilter] filtered=35
4/16/2026 12:13:15 AM: [ApplyFilter] ActiveProcesses.Count=35
4/16/2026 12:13:16 AM: [LoadData] Retrieved 35 processes. IsConnected=True
4/16/2026 12:13:16 AM: [ApplyFilter] filtered=35
4/16/2026 12:13:16 AM: [ApplyFilter] ActiveProcesses.Count=35
4/16/2026 12:13:19 AM: [LoadData] Retrieved 35 processes. IsConnected=True
4/16/2026 12:13:19 AM: [ApplyFilter] filtered=35
4/16/2026 12:13:19 AM: [ApplyFilter] ActiveProcesses.Count=35
4/16/2026 12:13:19 AM: [LoadData] Retrieved 35 processes. IsConnected=True
4/16/2026 12:13:19 AM: [ApplyFilter] filtered=35
4/16/2026 12:13:19 AM: [ApplyFilter] ActiveProcesses.Count=35
4/16/2026 12:13:22 AM: [LoadData] Retrieved 35 processes. IsConnected=True
4/16/2026 12:13:22 AM: [ApplyFilter] filtered=35
4/16/2026 12:13:22 AM: [ApplyFilter] ActiveProcesses.Count=35
4/16/2026 12:13:22 AM: [LoadData] Retrieved 35 processes. IsConnected=True
4/16/2026 12:13:22 AM: [ApplyFilter] filtered=35
4/16/2026 12:13:22 AM: [ApplyFilter] ActiveProcesses.Count=35
4/16/2026 12:13:25 AM: [LoadData] Retrieved 35 processes. IsConnected=True
4/16/2026 12:13:25 AM: [ApplyFilter] filtered=35
4/16/2026 12:13:25 AM: [ApplyFilter] ActiveProcesses.Count=35
4/16/2026 12:13:25 AM: [LoadData] Retrieved 35 processes. IsConnected=True
4/16/2026 12:13:25 AM: [ApplyFilter] filtered=35
4/16/2026 12:13:25 AM: [ApplyFilter] ActiveProcesses.Count=35
4/16/2026 12:13:28 AM: [LoadData] Retrieved 35 processes. IsConnected=True
4/16/2026 12:13:28 AM: [ApplyFilter] filtered=35
4/16/2026 12:13:28 AM: [ApplyFilter] ActiveProcesses.Count=35
4/16/2026 12:13:28 AM: [LoadData] Retrieved 35 processes. IsConnected=True
4/16/2026 12:13:28 AM: [ApplyFilter] filtered=35
4/16/2026 12:13:28 AM: [ApplyFilter] ActiveProcesses.Count=35
4/16/2026 12:13:31 AM: [LoadData] Retrieved 35 processes. IsConnected=True
4/16/2026 12:13:31 AM: [ApplyFilter] filtered=35
4/16/2026 12:13:31 AM: [ApplyFilter] ActiveProcesses.Count=35
4/16/2026 12:13:32 AM: [LoadData] Retrieved 35 processes. IsConnected=True
4/16/2026 12:13:32 AM: [ApplyFilter] filtered=35
4/16/2026 12:13:32 AM: [ApplyFilter] ActiveProcesses.Count=35
4/16/2026 12:13:34 AM: [LoadData] Retrieved 35 processes. IsConnected=True
4/16/2026 12:13:34 AM: [ApplyFilter] filtered=35
4/16/2026 12:13:34 AM: [ApplyFilter] ActiveProcesses.Count=35
4/16/2026 12:13:35 AM: [LoadData] Retrieved 35 processes. IsConnected=True
4/16/2026 12:13:35 AM: [ApplyFilter] filtered=35
4/16/2026 12:13:35 AM: [ApplyFilter] ActiveProcesses.Count=35
4/16/2026 12:13:37 AM: [LoadData] Retrieved 35 processes. IsConnected=True
4/16/2026 12:13:37 AM: [ApplyFilter] filtered=35
4/16/2026 12:13:37 AM: [ApplyFilter] ActiveProcesses.Count=35
4/16/2026 12:13:38 AM: [LoadData] Retrieved 41 processes. IsConnected=True
4/16/2026 12:13:38 AM: [ApplyFilter] filtered=41
4/16/2026 12:13:38 AM: [ApplyFilter] ActiveProcesses.Count=41
4/16/2026 12:13:40 AM: [LoadData] Retrieved 41 processes. IsConnected=True
4/16/2026 12:13:40 AM: [ApplyFilter] filtered=41
4/16/2026 12:13:40 AM: [ApplyFilter] ActiveProcesses.Count=41
4/16/2026 12:13:41 AM: [LoadData] Retrieved 35 processes. IsConnected=True
4/16/2026 12:13:41 AM: [ApplyFilter] filtered=35
4/16/2026 12:13:41 AM: [ApplyFilter] ActiveProcesses.Count=35
4/16/2026 12:13:43 AM: [LoadData] Retrieved 35 processes. IsConnected=True
4/16/2026 12:13:43 AM: [ApplyFilter] filtered=35
4/16/2026 12:13:43 AM: [ApplyFilter] ActiveProcesses.Count=35
4/16/2026 12:13:44 AM: [LoadData] Retrieved 35 processes. IsConnected=True
4/16/2026 12:13:44 AM: [ApplyFilter] filtered=35
4/16/2026 12:13:44 AM: [ApplyFilter] ActiveProcesses.Count=35
4/16/2026 12:13:46 AM: [LoadData] Retrieved 35 processes. IsConnected=True
4/16/2026 12:13:46 AM: [ApplyFilter] filtered=35
4/16/2026 12:13:46 AM: [ApplyFilter] ActiveProcesses.Count=35
4/16/2026 12:13:48 AM: [LoadData] Retrieved 35 processes. IsConnected=True
4/16/2026 12:13:48 AM: [ApplyFilter] filtered=35
4/16/2026 12:13:48 AM: [ApplyFilter] ActiveProcesses.Count=35
4/16/2026 12:13:49 AM: [LoadData] Retrieved 35 processes. IsConnected=True
4/16/2026 12:13:49 AM: [ApplyFilter] filtered=35
4/16/2026 12:13:49 AM: [ApplyFilter] ActiveProcesses.Count=35
4/16/2026 12:13:51 AM: [LoadData] Retrieved 35 processes. IsConnected=True
4/16/2026 12:13:51 AM: [ApplyFilter] filtered=35
4/16/2026 12:13:51 AM: [ApplyFilter] ActiveProcesses.Count=35
4/16/2026 12:13:52 AM: [LoadData] Retrieved 35 processes. IsConnected=True
4/16/2026 12:13:52 AM: [ApplyFilter] filtered=35
4/16/2026 12:13:52 AM: [ApplyFilter] ActiveProcesses.Count=35
4/16/2026 12:13:54 AM: [LoadData] Retrieved 35 processes. IsConnected=True
4/16/2026 12:13:54 AM: [ApplyFilter] filtered=35
4/16/2026 12:13:54 AM: [ApplyFilter] ActiveProcesses.Count=35
4/16/2026 12:13:55 AM: [LoadData] Retrieved 35 processes. IsConnected=True
4/16/2026 12:13:55 AM: [ApplyFilter] filtered=35
4/16/2026 12:13:55 AM: [ApplyFilter] ActiveProcesses.Count=35
4/16/2026 12:13:57 AM: [LoadData] Retrieved 35 processes. IsConnected=True
4/16/2026 12:13:57 AM: [ApplyFilter] filtered=35
4/16/2026 12:13:57 AM: [ApplyFilter] ActiveProcesses.Count=35
4/16/2026 12:13:58 AM: [LoadData] Retrieved 35 processes. IsConnected=True
4/16/2026 12:13:58 AM: [ApplyFilter] filtered=35
4/16/2026 12:13:58 AM: [ApplyFilter] ActiveProcesses.Count=35
4/16/2026 12:15:15 AM: [GetLocalProcesses] Total=50, Trusted=20, Untrusted=30
4/16/2026 12:15:15 AM: [LoadData] Retrieved 50 processes. IsConnected=True
4/16/2026 12:15:15 AM: [ApplyFilter] filtered=50
4/16/2026 12:15:15 AM: [ApplyFilter] ActiveProcesses.Count=50
4/16/2026 12:15:16 AM: [LoadData] Retrieved 35 processes. IsConnected=True
4/16/2026 12:15:16 AM: [ApplyFilter] filtered=35
4/16/2026 12:15:16 AM: [ApplyFilter] ActiveProcesses.Count=35
4/16/2026 12:15:18 AM: [LoadData] Retrieved 35 processes. IsConnected=True
4/16/2026 12:15:18 AM: [ApplyFilter] filtered=35
4/16/2026 12:15:18 AM: [ApplyFilter] ActiveProcesses.Count=35
4/16/2026 12:15:18 AM: [LoadData] Retrieved 35 processes. IsConnected=True
4/16/2026 12:15:18 AM: [ApplyFilter] filtered=35
4/16/2026 12:15:18 AM: [ApplyFilter] ActiveProcesses.Count=35
4/16/2026 12:15:21 AM: [LoadData] Retrieved 35 processes. IsConnected=True
4/16/2026 12:15:21 AM: [ApplyFilter] filtered=35
4/16/2026 12:15:21 AM: [ApplyFilter] ActiveProcesses.Count=35
4/16/2026 12:15:21 AM: [LoadData] Retrieved 35 processes. IsConnected=True
4/16/2026 12:15:21 AM: [ApplyFilter] filtered=35
4/16/2026 12:15:21 AM: [ApplyFilter] ActiveProcesses.Count=35
4/16/2026 12:15:24 AM: [LoadData] Retrieved 35 processes. IsConnected=True
4/16/2026 12:15:24 AM: [ApplyFilter] filtered=35
4/16/2026 12:15:24 AM: [ApplyFilter] ActiveProcesses.Count=35
4/16/2026 12:15:24 AM: [LoadData] Retrieved 35 processes. IsConnected=True
4/16/2026 12:15:24 AM: [ApplyFilter] filtered=35
4/16/2026 12:15:24 AM: [ApplyFilter] ActiveProcesses.Count=35
4/16/2026 12:15:26 AM: [ProcessMonitorView Loaded] DataContext type: ProcessMonitorViewModel
4/16/2026 12:15:26 AM: [ProcessMonitorView Loaded] ActiveProcesses.Count: 35
4/16/2026 12:15:27 AM: [LoadData] Retrieved 35 processes. IsConnected=True
4/16/2026 12:15:27 AM: [ApplyFilter] filtered=35
4/16/2026 12:15:27 AM: [ApplyFilter] ActiveProcesses.Count=35
4/16/2026 12:15:27 AM: [LoadData] Retrieved 35 processes. IsConnected=True
4/16/2026 12:15:27 AM: [ApplyFilter] filtered=35
4/16/2026 12:15:27 AM: [ApplyFilter] ActiveProcesses.Count=35
4/16/2026 12:15:30 AM: [LoadData] Retrieved 35 processes. IsConnected=True
4/16/2026 12:15:30 AM: [ApplyFilter] filtered=35
4/16/2026 12:15:30 AM: [ApplyFilter] ActiveProcesses.Count=35
4/16/2026 12:15:31 AM: [LoadData] Retrieved 35 processes. IsConnected=True
4/16/2026 12:15:31 AM: [ApplyFilter] filtered=35
4/16/2026 12:15:31 AM: [ApplyFilter] ActiveProcesses.Count=35
4/16/2026 12:15:34 AM: [LoadData] Retrieved 35 processes. IsConnected=True
4/16/2026 12:15:34 AM: [ApplyFilter] filtered=35
4/16/2026 12:15:34 AM: [ApplyFilter] ActiveProcesses.Count=35
4/16/2026 12:15:34 AM: [LoadData] Retrieved 35 processes. IsConnected=True
4/16/2026 12:15:34 AM: [ApplyFilter] filtered=35
4/16/2026 12:15:34 AM: [ApplyFilter] ActiveProcesses.Count=35
4/16/2026 12:15:37 AM: [LoadData] Retrieved 35 processes. IsConnected=True
4/16/2026 12:15:37 AM: [ApplyFilter] filtered=35
4/16/2026 12:15:37 AM: [ApplyFilter] ActiveProcesses.Count=35
4/16/2026 12:15:37 AM: [LoadData] Retrieved 35 processes. IsConnected=True
4/16/2026 12:15:37 AM: [ApplyFilter] filtered=35
4/16/2026 12:15:37 AM: [ApplyFilter] ActiveProcesses.Count=35
4/16/2026 12:15:40 AM: [LoadData] Retrieved 35 processes. IsConnected=True
4/16/2026 12:15:40 AM: [ApplyFilter] filtered=35
4/16/2026 12:15:40 AM: [ApplyFilter] ActiveProcesses.Count=35
4/16/2026 12:15:40 AM: [LoadData] Retrieved 35 processes. IsConnected=True
4/16/2026 12:15:40 AM: [ApplyFilter] filtered=35
4/16/2026 12:15:40 AM: [ApplyFilter] ActiveProcesses.Count=35
4/16/2026 12:15:43 AM: [LoadData] Retrieved 35 processes. IsConnected=True
4/16/2026 12:15:43 AM: [ApplyFilter] filtered=35
4/16/2026 12:15:43 AM: [ApplyFilter] ActiveProcesses.Count=35
4/16/2026 12:15:43 AM: [LoadData] Retrieved 35 processes. IsConnected=True
4/16/2026 12:15:43 AM: [ApplyFilter] filtered=35
4/16/2026 12:15:43 AM: [ApplyFilter] ActiveProcesses.Count=35
4/16/2026 12:15:46 AM: [LoadData] Retrieved 35 processes. IsConnected=True
4/16/2026 12:15:46 AM: [ApplyFilter] filtered=35
4/16/2026 12:15:46 AM: [ApplyFilter] ActiveProcesses.Count=35
4/16/2026 12:15:47 AM: [LoadData] Retrieved 35 processes. IsConnected=True
4/16/2026 12:15:47 AM: [ApplyFilter] filtered=35
4/16/2026 12:15:47 AM: [ApplyFilter] ActiveProcesses.Count=35
4/16/2026 12:15:49 AM: [LoadData] Retrieved 35 processes. IsConnected=True
4/16/2026 12:15:49 AM: [ApplyFilter] filtered=35
4/16/2026 12:15:49 AM: [ApplyFilter] ActiveProcesses.Count=35
4/16/2026 12:15:50 AM: [LoadData] Retrieved 35 processes. IsConnected=True
4/16/2026 12:15:50 AM: [ApplyFilter] filtered=35
4/16/2026 12:15:50 AM: [ApplyFilter] ActiveProcesses.Count=35
4/16/2026 12:15:52 AM: [LoadData] Retrieved 35 processes. IsConnected=True
4/16/2026 12:15:52 AM: [ApplyFilter] filtered=35
4/16/2026 12:15:52 AM: [ApplyFilter] ActiveProcesses.Count=35
4/16/2026 12:15:53 AM: [LoadData] Retrieved 35 processes. IsConnected=True
4/16/2026 12:15:53 AM: [ApplyFilter] filtered=35
4/16/2026 12:15:53 AM: [ApplyFilter] ActiveProcesses.Count=35
4/16/2026 12:15:55 AM: [LoadData] Retrieved 35 processes. IsConnected=True
4/16/2026 12:15:55 AM: [ApplyFilter] filtered=35
4/16/2026 12:15:55 AM: [ApplyFilter] ActiveProcesses.Count=35
4/16/2026 12:15:56 AM: [LoadData] Retrieved 35 processes. IsConnected=True
4/16/2026 12:15:56 AM: [ApplyFilter] filtered=35
4/16/2026 12:15:56 AM: [ApplyFilter] ActiveProcesses.Count=35
4/16/2026 12:15:58 AM: [LoadData] Retrieved 35 processes. IsConnected=True
4/16/2026 12:15:58 AM: [ApplyFilter] filtered=35
4/16/2026 12:15:58 AM: [ApplyFilter] ActiveProcesses.Count=35
4/16/2026 12:15:59 AM: [LoadData] Retrieved 35 processes. IsConnected=True
4/16/2026 12:15:59 AM: [ApplyFilter] filtered=35
4/16/2026 12:15:59 AM: [ApplyFilter] ActiveProcesses.Count=35
4/16/2026 12:16:01 AM: [LoadData] Retrieved 35 processes. IsConnected=True
4/16/2026 12:16:01 AM: [ApplyFilter] filtered=35
4/16/2026 12:16:01 AM: [ApplyFilter] ActiveProcesses.Count=35
4/16/2026 12:16:03 AM: [LoadData] Retrieved 35 processes. IsConnected=True
4/16/2026 12:16:03 AM: [ApplyFilter] filtered=35
4/16/2026 12:16:03 AM: [ApplyFilter] ActiveProcesses.Count=35
4/16/2026 12:16:04 AM: [LoadData] Retrieved 35 processes. IsConnected=True
4/16/2026 12:16:04 AM: [ApplyFilter] filtered=35
4/16/2026 12:16:04 AM: [ApplyFilter] ActiveProcesses.Count=35
4/16/2026 12:16:06 AM: [LoadData] Retrieved 35 processes. IsConnected=True
4/16/2026 12:16:06 AM: [ApplyFilter] filtered=35
4/16/2026 12:16:06 AM: [ApplyFilter] ActiveProcesses.Count=35
4/16/2026 12:16:07 AM: [LoadData] Retrieved 35 processes. IsConnected=True
4/16/2026 12:16:07 AM: [ApplyFilter] filtered=35
4/16/2026 12:16:07 AM: [ApplyFilter] ActiveProcesses.Count=35
4/16/2026 12:16:09 AM: [LoadData] Retrieved 35 processes. IsConnected=True
4/16/2026 12:16:09 AM: [ApplyFilter] filtered=35
4/16/2026 12:16:09 AM: [ApplyFilter] ActiveProcesses.Count=35
4/16/2026 12:16:10 AM: [LoadData] Retrieved 35 processes. IsConnected=True
4/16/2026 12:16:10 AM: [ApplyFilter] filtered=35
4/16/2026 12:16:10 AM: [ApplyFilter] ActiveProcesses.Count=35
4/16/2026 12:16:12 AM: [LoadData] Retrieved 35 processes. IsConnected=True
4/16/2026 12:16:12 AM: [ApplyFilter] filtered=35
4/16/2026 12:16:12 AM: [ApplyFilter] ActiveProcesses.Count=35
4/16/2026 12:16:13 AM: [LoadData] Retrieved 35 processes. IsConnected=True
4/16/2026 12:16:13 AM: [ApplyFilter] filtered=35
4/16/2026 12:16:13 AM: [ApplyFilter] ActiveProcesses.Count=35
4/16/2026 12:16:15 AM: [LoadData] Retrieved 35 processes. IsConnected=True
4/16/2026 12:16:15 AM: [ApplyFilter] filtered=35
4/16/2026 12:16:15 AM: [ApplyFilter] ActiveProcesses.Count=35
4/16/2026 12:16:16 AM: [LoadData] Retrieved 35 processes. IsConnected=True
4/16/2026 12:16:16 AM: [ApplyFilter] filtered=35
4/16/2026 12:16:16 AM: [ApplyFilter] ActiveProcesses.Count=35
4/16/2026 12:16:19 AM: [LoadData] Retrieved 35 processes. IsConnected=True
4/16/2026 12:16:19 AM: [ApplyFilter] filtered=35
4/16/2026 12:16:19 AM: [ApplyFilter] ActiveProcesses.Count=35
4/16/2026 12:16:19 AM: [LoadData] Retrieved 35 processes. IsConnected=True
4/16/2026 12:16:19 AM: [ApplyFilter] filtered=35
4/16/2026 12:16:19 AM: [ApplyFilter] ActiveProcesses.Count=35
4/16/2026 12:16:22 AM: [LoadData] Retrieved 35 processes. IsConnected=True
4/16/2026 12:16:22 AM: [ApplyFilter] filtered=35
4/16/2026 12:16:22 AM: [ApplyFilter] ActiveProcesses.Count=35
4/16/2026 12:16:22 AM: [LoadData] Retrieved 35 processes. IsConnected=True
4/16/2026 12:16:22 AM: [ApplyFilter] filtered=35
4/16/2026 12:16:22 AM: [ApplyFilter] ActiveProcesses.Count=35
4/16/2026 12:16:25 AM: [LoadData] Retrieved 35 processes. IsConnected=True
4/16/2026 12:16:25 AM: [ApplyFilter] filtered=35
4/16/2026 12:16:25 AM: [ApplyFilter] ActiveProcesses.Count=35
4/16/2026 12:16:25 AM: [LoadData] Retrieved 35 processes. IsConnected=True
4/16/2026 12:16:25 AM: [ApplyFilter] filtered=35
4/16/2026 12:16:25 AM: [ApplyFilter] ActiveProcesses.Count=35
4/16/2026 12:16:28 AM: [LoadData] Retrieved 35 processes. IsConnected=True
4/16/2026 12:16:28 AM: [ApplyFilter] filtered=35
4/16/2026 12:16:28 AM: [ApplyFilter] ActiveProcesses.Count=35
4/16/2026 12:16:28 AM: [LoadData] Retrieved 35 processes. IsConnected=True
4/16/2026 12:16:28 AM: [ApplyFilter] filtered=35
4/16/2026 12:16:28 AM: [ApplyFilter] ActiveProcesses.Count=35
4/16/2026 12:16:31 AM: [LoadData] Retrieved 35 processes. IsConnected=True
4/16/2026 12:16:31 AM: [ApplyFilter] filtered=35
4/16/2026 12:16:31 AM: [ApplyFilter] ActiveProcesses.Count=35
4/16/2026 12:16:32 AM: [LoadData] Retrieved 35 processes. IsConnected=True
4/16/2026 12:16:32 AM: [ApplyFilter] filtered=35
4/16/2026 12:16:32 AM: [ApplyFilter] ActiveProcesses.Count=35
4/16/2026 12:16:34 AM: [LoadData] Retrieved 35 processes. IsConnected=True
4/16/2026 12:16:34 AM: [ApplyFilter] filtered=35
4/16/2026 12:16:34 AM: [ApplyFilter] ActiveProcesses.Count=35
4/16/2026 12:16:35 AM: [LoadData] Retrieved 35 processes. IsConnected=True
4/16/2026 12:16:35 AM: [ApplyFilter] filtered=35
4/16/2026 12:16:35 AM: [ApplyFilter] ActiveProcesses.Count=35
4/16/2026 12:16:37 AM: [LoadData] Retrieved 35 processes. IsConnected=True
4/16/2026 12:16:37 AM: [ApplyFilter] filtered=35
4/16/2026 12:16:37 AM: [ApplyFilter] ActiveProcesses.Count=35
4/16/2026 12:16:38 AM: [LoadData] Retrieved 35 processes. IsConnected=True
4/16/2026 12:16:38 AM: [ApplyFilter] filtered=35
4/16/2026 12:16:38 AM: [ApplyFilter] ActiveProcesses.Count=35
4/16/2026 12:16:40 AM: [LoadData] Retrieved 35 processes. IsConnected=True
4/16/2026 12:16:40 AM: [ApplyFilter] filtered=35
4/16/2026 12:16:40 AM: [ApplyFilter] ActiveProcesses.Count=35
4/16/2026 12:16:41 AM: [LoadData] Retrieved 35 processes. IsConnected=True
4/16/2026 12:16:41 AM: [ApplyFilter] filtered=35
4/16/2026 12:16:41 AM: [ApplyFilter] ActiveProcesses.Count=35
4/16/2026 12:16:43 AM: [LoadData] Retrieved 35 processes. IsConnected=True
4/16/2026 12:16:43 AM: [ApplyFilter] filtered=35
4/16/2026 12:16:43 AM: [ApplyFilter] ActiveProcesses.Count=35
4/16/2026 12:16:44 AM: [LoadData] Retrieved 41 processes. IsConnected=True
4/16/2026 12:16:44 AM: [ApplyFilter] filtered=41
4/16/2026 12:16:44 AM: [ApplyFilter] ActiveProcesses.Count=41
4/16/2026 12:16:46 AM: [LoadData] Retrieved 41 processes. IsConnected=True
4/16/2026 12:16:46 AM: [ApplyFilter] filtered=41
4/16/2026 12:16:46 AM: [ApplyFilter] ActiveProcesses.Count=41
4/16/2026 12:16:48 AM: [LoadData] Retrieved 35 processes. IsConnected=True
4/16/2026 12:16:48 AM: [ApplyFilter] filtered=35
4/16/2026 12:16:48 AM: [ApplyFilter] ActiveProcesses.Count=35
4/16/2026 12:16:49 AM: [LoadData] Retrieved 35 processes. IsConnected=True
4/16/2026 12:16:49 AM: [ApplyFilter] filtered=35
4/16/2026 12:16:49 AM: [ApplyFilter] ActiveProcesses.Count=35
4/16/2026 12:16:51 AM: [LoadData] Retrieved 35 processes. IsConnected=True
4/16/2026 12:16:51 AM: [ApplyFilter] filtered=35
4/16/2026 12:16:51 AM: [ApplyFilter] ActiveProcesses.Count=35
4/16/2026 12:16:52 AM: [LoadData] Retrieved 35 processes. IsConnected=True
4/16/2026 12:16:52 AM: [ApplyFilter] filtered=35
4/16/2026 12:16:52 AM: [ApplyFilter] ActiveProcesses.Count=35
4/16/2026 12:16:54 AM: [LoadData] Retrieved 35 processes. IsConnected=True
4/16/2026 12:16:54 AM: [ApplyFilter] filtered=35
4/16/2026 12:16:54 AM: [ApplyFilter] ActiveProcesses.Count=35
4/16/2026 12:16:55 AM: [LoadData] Retrieved 35 processes. IsConnected=True
4/16/2026 12:16:55 AM: [ApplyFilter] filtered=35
4/16/2026 12:16:55 AM: [ApplyFilter] ActiveProcesses.Count=35
4/16/2026 12:16:57 AM: [LoadData] Retrieved 35 processes. IsConnected=True
4/16/2026 12:16:57 AM: [ApplyFilter] filtered=35
4/16/2026 12:16:57 AM: [ApplyFilter] ActiveProcesses.Count=35
4/16/2026 12:16:58 AM: [LoadData] Retrieved 35 processes. IsConnected=True
4/16/2026 12:16:58 AM: [ApplyFilter] filtered=35
4/16/2026 12:16:58 AM: [ApplyFilter] ActiveProcesses.Count=35
4/16/2026 12:17:00 AM: [LoadData] Retrieved 35 processes. IsConnected=True
4/16/2026 12:17:00 AM: [ApplyFilter] filtered=35
4/16/2026 12:17:00 AM: [ApplyFilter] ActiveProcesses.Count=35
4/16/2026 12:17:01 AM: [LoadData] Retrieved 35 processes. IsConnected=True
4/16/2026 12:17:01 AM: [ApplyFilter] filtered=35
4/16/2026 12:17:01 AM: [ApplyFilter] ActiveProcesses.Count=35
4/16/2026 12:17:04 AM: [LoadData] Retrieved 35 processes. IsConnected=True
4/16/2026 12:17:04 AM: [ApplyFilter] filtered=35
4/16/2026 12:17:04 AM: [ApplyFilter] ActiveProcesses.Count=35
4/16/2026 12:17:04 AM: [LoadData] Retrieved 35 processes. IsConnected=True
4/16/2026 12:17:04 AM: [ApplyFilter] filtered=35
4/16/2026 12:17:04 AM: [ApplyFilter] ActiveProcesses.Count=35
4/16/2026 12:17:12 AM: [GetLocalProcesses] Total=50, Trusted=20, Untrusted=30
4/16/2026 12:17:12 AM: [LoadData] Retrieved 50 processes. IsConnected=True
4/16/2026 12:17:12 AM: [ApplyFilter] filtered=50
4/16/2026 12:17:12 AM: [ApplyFilter] ActiveProcesses.Count=50
4/16/2026 12:17:12 AM: [LoadData] Retrieved 35 processes. IsConnected=True
4/16/2026 12:17:12 AM: [ApplyFilter] filtered=35
4/16/2026 12:17:12 AM: [ApplyFilter] ActiveProcesses.Count=35
4/16/2026 12:17:13 AM: [LoadData] Retrieved 35 processes. IsConnected=True
4/16/2026 12:17:13 AM: [ApplyFilter] filtered=35
4/16/2026 12:17:13 AM: [ApplyFilter] ActiveProcesses.Count=35
4/16/2026 12:17:15 AM: [LoadData] Retrieved 35 processes. IsConnected=True
4/16/2026 12:17:15 AM: [ApplyFilter] filtered=35
4/16/2026 12:17:15 AM: [ApplyFilter] ActiveProcesses.Count=35
4/16/2026 12:17:17 AM: [LoadData] Retrieved 35 processes. IsConnected=True
4/16/2026 12:17:17 AM: [ApplyFilter] filtered=35
4/16/2026 12:17:17 AM: [ApplyFilter] ActiveProcesses.Count=35
4/16/2026 12:17:18 AM: [LoadData] Retrieved 35 processes. IsConnected=True
4/16/2026 12:17:18 AM: [ApplyFilter] filtered=35
4/16/2026 12:17:18 AM: [ApplyFilter] ActiveProcesses.Count=35
4/16/2026 12:17:19 AM: [ProcessMonitorView Loaded] DataContext type: ProcessMonitorViewModel
4/16/2026 12:17:19 AM: [ProcessMonitorView Loaded] ActiveProcesses.Count: 35
4/16/2026 12:17:20 AM: [LoadData] Retrieved 35 processes. IsConnected=True
4/16/2026 12:17:20 AM: [ApplyFilter] filtered=35
4/16/2026 12:17:20 AM: [ApplyFilter] ActiveProcesses.Count=35
4/16/2026 12:17:21 AM: [LoadData] Retrieved 35 processes. IsConnected=True
4/16/2026 12:17:21 AM: [ApplyFilter] filtered=35
4/16/2026 12:17:21 AM: [ApplyFilter] ActiveProcesses.Count=35
4/16/2026 12:17:23 AM: [LoadData] Retrieved 35 processes. IsConnected=True
4/16/2026 12:17:23 AM: [ApplyFilter] filtered=35
4/16/2026 12:17:23 AM: [ApplyFilter] ActiveProcesses.Count=35
4/16/2026 12:17:24 AM: [LoadData] Retrieved 35 processes. IsConnected=True
4/16/2026 12:17:24 AM: [ApplyFilter] filtered=35
4/16/2026 12:17:24 AM: [ApplyFilter] ActiveProcesses.Count=35
4/16/2026 12:17:26 AM: [LoadData] Retrieved 35 processes. IsConnected=True
4/16/2026 12:17:26 AM: [ApplyFilter] filtered=35
4/16/2026 12:17:26 AM: [ApplyFilter] ActiveProcesses.Count=35
4/16/2026 12:17:27 AM: [LoadData] Retrieved 35 processes. IsConnected=True
4/16/2026 12:17:27 AM: [ApplyFilter] filtered=35
4/16/2026 12:17:27 AM: [ApplyFilter] ActiveProcesses.Count=35
4/16/2026 12:17:29 AM: [LoadData] Retrieved 35 processes. IsConnected=True
4/16/2026 12:17:29 AM: [ApplyFilter] filtered=35
4/16/2026 12:17:29 AM: [ApplyFilter] ActiveProcesses.Count=35
4/16/2026 12:17:30 AM: [LoadData] Retrieved 35 processes. IsConnected=True
4/16/2026 12:17:30 AM: [ApplyFilter] filtered=35
4/16/2026 12:17:30 AM: [ApplyFilter] ActiveProcesses.Count=35
4/16/2026 12:17:33 AM: [LoadData] Retrieved 35 processes. IsConnected=True
4/16/2026 12:17:33 AM: [ApplyFilter] filtered=35
4/16/2026 12:17:33 AM: [ApplyFilter] ActiveProcesses.Count=35
4/16/2026 12:17:33 AM: [LoadData] Retrieved 35 processes. IsConnected=True
4/16/2026 12:17:33 AM: [ApplyFilter] filtered=35
4/16/2026 12:17:33 AM: [ApplyFilter] ActiveProcesses.Count=35
4/16/2026 12:17:36 AM: [LoadData] Retrieved 35 processes. IsConnected=True
4/16/2026 12:17:36 AM: [ApplyFilter] filtered=35
4/16/2026 12:17:36 AM: [ApplyFilter] ActiveProcesses.Count=35
4/16/2026 12:17:36 AM: [LoadData] Retrieved 35 processes. IsConnected=True
4/16/2026 12:17:36 AM: [ApplyFilter] filtered=35
4/16/2026 12:17:36 AM: [ApplyFilter] ActiveProcesses.Count=35
4/16/2026 12:17:39 AM: [LoadData] Retrieved 35 processes. IsConnected=True
4/16/2026 12:17:39 AM: [ApplyFilter] filtered=35
4/16/2026 12:17:39 AM: [ApplyFilter] ActiveProcesses.Count=35
4/16/2026 12:17:39 AM: [LoadData] Retrieved 35 processes. IsConnected=True
4/16/2026 12:17:39 AM: [ApplyFilter] filtered=35
4/16/2026 12:17:39 AM: [ApplyFilter] ActiveProcesses.Count=35
4/16/2026 12:17:42 AM: [LoadData] Retrieved 35 processes. IsConnected=True
4/16/2026 12:17:42 AM: [ApplyFilter] filtered=35
4/16/2026 12:17:42 AM: [ApplyFilter] ActiveProcesses.Count=35
4/16/2026 12:17:42 AM: [LoadData] Retrieved 35 processes. IsConnected=True
4/16/2026 12:17:42 AM: [ApplyFilter] filtered=35
4/16/2026 12:17:42 AM: [ApplyFilter] ActiveProcesses.Count=35
4/16/2026 12:17:45 AM: [LoadData] Retrieved 35 processes. IsConnected=True
4/16/2026 12:17:45 AM: [ApplyFilter] filtered=35
4/16/2026 12:17:45 AM: [ApplyFilter] ActiveProcesses.Count=35
4/16/2026 12:17:46 AM: [LoadData] Retrieved 35 processes. IsConnected=True
4/16/2026 12:17:46 AM: [ApplyFilter] filtered=35
4/16/2026 12:17:46 AM: [ApplyFilter] ActiveProcesses.Count=35
4/16/2026 12:17:48 AM: [LoadData] Retrieved 35 processes. IsConnected=True
4/16/2026 12:17:48 AM: [ApplyFilter] filtered=35
4/16/2026 12:17:48 AM: [ApplyFilter] ActiveProcesses.Count=35
4/16/2026 12:17:49 AM: [LoadData] Retrieved 35 processes. IsConnected=True
4/16/2026 12:17:49 AM: [ApplyFilter] filtered=35
4/16/2026 12:17:49 AM: [ApplyFilter] ActiveProcesses.Count=35
4/16/2026 12:17:51 AM: [LoadData] Retrieved 35 processes. IsConnected=True
4/16/2026 12:17:51 AM: [ApplyFilter] filtered=35
4/16/2026 12:17:51 AM: [ApplyFilter] ActiveProcesses.Count=35
4/16/2026 12:17:52 AM: [LoadData] Retrieved 35 processes. IsConnected=True
4/16/2026 12:17:52 AM: [ApplyFilter] filtered=35
4/16/2026 12:17:52 AM: [ApplyFilter] ActiveProcesses.Count=35
4/16/2026 12:17:54 AM: [LoadData] Retrieved 35 processes. IsConnected=True
4/16/2026 12:17:54 AM: [ApplyFilter] filtered=35
4/16/2026 12:17:54 AM: [ApplyFilter] ActiveProcesses.Count=35
4/16/2026 12:17:55 AM: [LoadData] Retrieved 35 processes. IsConnected=True
4/16/2026 12:17:55 AM: [ApplyFilter] filtered=35
4/16/2026 12:17:55 AM: [ApplyFilter] ActiveProcesses.Count=35
4/16/2026 12:17:57 AM: [LoadData] Retrieved 35 processes. IsConnected=True
4/16/2026 12:17:57 AM: [ApplyFilter] filtered=35
4/16/2026 12:17:57 AM: [ApplyFilter] ActiveProcesses.Count=35
4/16/2026 12:17:58 AM: [LoadData] Retrieved 35 processes. IsConnected=True
4/16/2026 12:17:58 AM: [ApplyFilter] filtered=35
4/16/2026 12:17:58 AM: [ApplyFilter] ActiveProcesses.Count=35
4/16/2026 12:18:00 AM: [LoadData] Retrieved 35 processes. IsConnected=True
4/16/2026 12:18:00 AM: [ApplyFilter] filtered=35
4/16/2026 12:18:00 AM: [ApplyFilter] ActiveProcesses.Count=35
4/16/2026 12:18:01 AM: [ProcessMonitorView Loaded] DataContext type: ProcessMonitorViewModel
4/16/2026 12:18:01 AM: [ProcessMonitorView Loaded] ActiveProcesses.Count: 35
4/16/2026 12:18:02 AM: [LoadData] Retrieved 35 processes. IsConnected=True
4/16/2026 12:18:02 AM: [ApplyFilter] filtered=35
4/16/2026 12:18:02 AM: [ApplyFilter] ActiveProcesses.Count=35
4/16/2026 12:18:03 AM: [LoadData] Retrieved 35 processes. IsConnected=True
4/16/2026 12:18:03 AM: [ApplyFilter] filtered=35
4/16/2026 12:18:03 AM: [ApplyFilter] ActiveProcesses.Count=35
4/16/2026 12:18:05 AM: [LoadData] Retrieved 35 processes. IsConnected=True
4/16/2026 12:18:05 AM: [ApplyFilter] filtered=35
4/16/2026 12:18:05 AM: [ApplyFilter] ActiveProcesses.Count=35
4/16/2026 12:18:06 AM: [LoadData] Retrieved 35 processes. IsConnected=True
4/16/2026 12:18:06 AM: [ApplyFilter] filtered=35
4/16/2026 12:18:06 AM: [ApplyFilter] ActiveProcesses.Count=35
4/16/2026 12:18:08 AM: [LoadData] Retrieved 35 processes. IsConnected=True
4/16/2026 12:18:08 AM: [ApplyFilter] filtered=35
4/16/2026 12:18:08 AM: [ApplyFilter] ActiveProcesses.Count=35
4/16/2026 12:18:09 AM: [LoadData] Retrieved 35 processes. IsConnected=True
4/16/2026 12:18:09 AM: [ApplyFilter] filtered=35
4/16/2026 12:18:09 AM: [ApplyFilter] ActiveProcesses.Count=35
4/16/2026 12:18:11 AM: [LoadData] Retrieved 35 processes. IsConnected=True
4/16/2026 12:18:11 AM: [ApplyFilter] filtered=35
4/16/2026 12:18:11 AM: [ApplyFilter] ActiveProcesses.Count=35
4/16/2026 12:18:12 AM: [LoadData] Retrieved 35 processes. IsConnected=True
4/16/2026 12:18:12 AM: [ApplyFilter] filtered=35
4/16/2026 12:18:12 AM: [ApplyFilter] ActiveProcesses.Count=35
4/16/2026 12:18:14 AM: [LoadData] Retrieved 35 processes. IsConnected=True
4/16/2026 12:18:14 AM: [ApplyFilter] filtered=35
4/16/2026 12:18:14 AM: [ApplyFilter] ActiveProcesses.Count=35
4/16/2026 12:18:15 AM: [LoadData] Retrieved 35 processes. IsConnected=True
4/16/2026 12:18:15 AM: [ApplyFilter] filtered=35
4/16/2026 12:18:15 AM: [ApplyFilter] ActiveProcesses.Count=35
4/16/2026 12:18:18 AM: [LoadData] Retrieved 35 processes. IsConnected=True
4/16/2026 12:18:18 AM: [ApplyFilter] filtered=35
4/16/2026 12:18:18 AM: [ApplyFilter] ActiveProcesses.Count=35
4/16/2026 12:18:18 AM: [LoadData] Retrieved 35 processes. IsConnected=True
4/16/2026 12:18:18 AM: [ApplyFilter] filtered=35
4/16/2026 12:18:18 AM: [ApplyFilter] ActiveProcesses.Count=35
4/16/2026 12:18:21 AM: [LoadData] Retrieved 35 processes. IsConnected=True
4/16/2026 12:18:21 AM: [ApplyFilter] filtered=35
4/16/2026 12:18:21 AM: [ApplyFilter] ActiveProcesses.Count=35
4/16/2026 12:18:21 AM: [LoadData] Retrieved 35 processes. IsConnected=True
4/16/2026 12:18:21 AM: [ApplyFilter] filtered=35
4/16/2026 12:18:21 AM: [ApplyFilter] ActiveProcesses.Count=35
4/16/2026 12:18:24 AM: [LoadData] Retrieved 35 processes. IsConnected=True
4/16/2026 12:18:24 AM: [ApplyFilter] filtered=35
4/16/2026 12:18:24 AM: [ApplyFilter] ActiveProcesses.Count=35
4/16/2026 12:18:24 AM: [LoadData] Retrieved 35 processes. IsConnected=True
4/16/2026 12:18:24 AM: [ApplyFilter] filtered=35
4/16/2026 12:18:24 AM: [ApplyFilter] ActiveProcesses.Count=35
4/16/2026 12:18:27 AM: [LoadData] Retrieved 35 processes. IsConnected=True
4/16/2026 12:18:27 AM: [ApplyFilter] filtered=35
4/16/2026 12:18:27 AM: [ApplyFilter] ActiveProcesses.Count=35
4/16/2026 12:18:27 AM: [LoadData] Retrieved 35 processes. IsConnected=True
4/16/2026 12:18:27 AM: [ApplyFilter] filtered=35
4/16/2026 12:18:27 AM: [ApplyFilter] ActiveProcesses.Count=35
4/16/2026 12:18:30 AM: [LoadData] Retrieved 35 processes. IsConnected=True
4/16/2026 12:18:30 AM: [ApplyFilter] filtered=35
4/16/2026 12:18:30 AM: [ApplyFilter] ActiveProcesses.Count=35
4/16/2026 12:18:31 AM: [LoadData] Retrieved 35 processes. IsConnected=True
4/16/2026 12:18:31 AM: [ApplyFilter] filtered=35
4/16/2026 12:18:31 AM: [ApplyFilter] ActiveProcesses.Count=35
4/16/2026 12:18:33 AM: [LoadData] Retrieved 35 processes. IsConnected=True
4/16/2026 12:18:33 AM: [ApplyFilter] filtered=35
4/16/2026 12:18:33 AM: [ApplyFilter] ActiveProcesses.Count=35
4/16/2026 12:18:34 AM: [LoadData] Retrieved 35 processes. IsConnected=True
4/16/2026 12:18:34 AM: [ApplyFilter] filtered=35
4/16/2026 12:18:34 AM: [ApplyFilter] ActiveProcesses.Count=35
4/16/2026 12:18:36 AM: [LoadData] Retrieved 35 processes. IsConnected=True
4/16/2026 12:18:36 AM: [ApplyFilter] filtered=35
4/16/2026 12:18:36 AM: [ApplyFilter] ActiveProcesses.Count=35
4/16/2026 12:18:37 AM: [LoadData] Retrieved 39 processes. IsConnected=True
4/16/2026 12:18:37 AM: [ApplyFilter] filtered=39
4/16/2026 12:18:37 AM: [ApplyFilter] ActiveProcesses.Count=39
4/16/2026 12:18:39 AM: [LoadData] Retrieved 39 processes. IsConnected=True
4/16/2026 12:18:39 AM: [ApplyFilter] filtered=39
4/16/2026 12:18:39 AM: [ApplyFilter] ActiveProcesses.Count=39
4/16/2026 12:18:40 AM: [LoadData] Retrieved 35 processes. IsConnected=True
4/16/2026 12:18:40 AM: [ApplyFilter] filtered=35
4/16/2026 12:18:40 AM: [ApplyFilter] ActiveProcesses.Count=35
4/16/2026 12:18:42 AM: [LoadData] Retrieved 35 processes. IsConnected=True
4/16/2026 12:18:42 AM: [ApplyFilter] filtered=35
4/16/2026 12:18:42 AM: [ApplyFilter] ActiveProcesses.Count=35
4/16/2026 12:18:43 AM: [LoadData] Retrieved 35 processes. IsConnected=True
4/16/2026 12:18:43 AM: [ApplyFilter] filtered=35
4/16/2026 12:18:43 AM: [ApplyFilter] ActiveProcesses.Count=35
4/16/2026 12:18:45 AM: [LoadData] Retrieved 35 processes. IsConnected=True
4/16/2026 12:18:45 AM: [ApplyFilter] filtered=35
4/16/2026 12:18:45 AM: [ApplyFilter] ActiveProcesses.Count=35
4/16/2026 12:18:47 AM: [LoadData] Retrieved 35 processes. IsConnected=True
4/16/2026 12:18:47 AM: [ApplyFilter] filtered=35
4/16/2026 12:18:47 AM: [ApplyFilter] ActiveProcesses.Count=35
4/16/2026 12:18:48 AM: [LoadData] Retrieved 35 processes. IsConnected=True
4/16/2026 12:18:48 AM: [ApplyFilter] filtered=35
4/16/2026 12:18:48 AM: [ApplyFilter] ActiveProcesses.Count=35
4/16/2026 12:18:50 AM: [LoadData] Retrieved 35 processes. IsConnected=True
4/16/2026 12:18:50 AM: [ApplyFilter] filtered=35
4/16/2026 12:18:50 AM: [ApplyFilter] ActiveProcesses.Count=35
4/16/2026 12:18:51 AM: [LoadData] Retrieved 35 processes. IsConnected=True
4/16/2026 12:18:51 AM: [ApplyFilter] filtered=35
4/16/2026 12:18:51 AM: [ApplyFilter] ActiveProcesses.Count=35
4/16/2026 12:18:53 AM: [LoadData] Retrieved 35 processes. IsConnected=True
4/16/2026 12:18:53 AM: [ApplyFilter] filtered=35
4/16/2026 12:18:53 AM: [ApplyFilter] ActiveProcesses.Count=35
4/16/2026 12:18:54 AM: [LoadData] Retrieved 35 processes. IsConnected=True
4/16/2026 12:18:54 AM: [ApplyFilter] filtered=35
4/16/2026 12:18:54 AM: [ApplyFilter] ActiveProcesses.Count=35
4/16/2026 12:18:56 AM: [LoadData] Retrieved 35 processes. IsConnected=True
4/16/2026 12:18:56 AM: [ApplyFilter] filtered=35
4/16/2026 12:18:56 AM: [ApplyFilter] ActiveProcesses.Count=35
4/16/2026 12:18:57 AM: [LoadData] Retrieved 35 processes. IsConnected=True
4/16/2026 12:18:57 AM: [ApplyFilter] filtered=35
4/16/2026 12:18:57 AM: [ApplyFilter] ActiveProcesses.Count=35
4/16/2026 12:19:00 AM: [LoadData] Retrieved 35 processes. IsConnected=True
4/16/2026 12:19:00 AM: [ApplyFilter] filtered=35
4/16/2026 12:19:00 AM: [ApplyFilter] ActiveProcesses.Count=35
4/16/2026 12:19:00 AM: [LoadData] Retrieved 35 processes. IsConnected=True
4/16/2026 12:19:00 AM: [ApplyFilter] filtered=35
4/16/2026 12:19:00 AM: [ApplyFilter] ActiveProcesses.Count=35
4/16/2026 12:19:03 AM: [LoadData] Retrieved 35 processes. IsConnected=True
4/16/2026 12:19:03 AM: [ApplyFilter] filtered=35
4/16/2026 12:19:03 AM: [ApplyFilter] ActiveProcesses.Count=35
4/16/2026 12:19:03 AM: [LoadData] Retrieved 35 processes. IsConnected=True
4/16/2026 12:19:03 AM: [ApplyFilter] filtered=35
4/16/2026 12:19:03 AM: [ApplyFilter] ActiveProcesses.Count=35
4/16/2026 12:19:06 AM: [LoadData] Retrieved 35 processes. IsConnected=True
4/16/2026 12:19:06 AM: [ApplyFilter] filtered=35
4/16/2026 12:19:06 AM: [ApplyFilter] ActiveProcesses.Count=35
4/16/2026 12:19:06 AM: [LoadData] Retrieved 35 processes. IsConnected=True
4/16/2026 12:19:06 AM: [ApplyFilter] filtered=35
4/16/2026 12:19:06 AM: [ApplyFilter] ActiveProcesses.Count=35
4/16/2026 12:19:09 AM: [LoadData] Retrieved 35 processes. IsConnected=True
4/16/2026 12:19:09 AM: [ApplyFilter] filtered=35
4/16/2026 12:19:09 AM: [ApplyFilter] ActiveProcesses.Count=35
4/16/2026 12:19:09 AM: [LoadData] Retrieved 35 processes. IsConnected=True
4/16/2026 12:19:09 AM: [ApplyFilter] filtered=35
4/16/2026 12:19:09 AM: [ApplyFilter] ActiveProcesses.Count=35
4/16/2026 12:19:12 AM: [LoadData] Retrieved 35 processes. IsConnected=True
4/16/2026 12:19:12 AM: [ApplyFilter] filtered=35
4/16/2026 12:19:12 AM: [ApplyFilter] ActiveProcesses.Count=35
4/16/2026 12:19:12 AM: [LoadData] Retrieved 35 processes. IsConnected=True
4/16/2026 12:19:12 AM: [ApplyFilter] filtered=35
4/16/2026 12:19:12 AM: [ApplyFilter] ActiveProcesses.Count=35
4/16/2026 12:19:15 AM: [LoadData] Retrieved 35 processes. IsConnected=True
4/16/2026 12:19:15 AM: [ApplyFilter] filtered=35
4/16/2026 12:19:15 AM: [ApplyFilter] ActiveProcesses.Count=35
4/16/2026 12:19:16 AM: [LoadData] Retrieved 35 processes. IsConnected=True
4/16/2026 12:19:16 AM: [ApplyFilter] filtered=35
4/16/2026 12:19:16 AM: [ApplyFilter] ActiveProcesses.Count=35
4/16/2026 12:19:18 AM: [LoadData] Retrieved 35 processes. IsConnected=True
4/16/2026 12:19:18 AM: [ApplyFilter] filtered=35
4/16/2026 12:19:18 AM: [ApplyFilter] ActiveProcesses.Count=35
4/16/2026 12:19:19 AM: [LoadData] Retrieved 35 processes. IsConnected=True
4/16/2026 12:19:19 AM: [ApplyFilter] filtered=35
4/16/2026 12:19:19 AM: [ApplyFilter] ActiveProcesses.Count=35
4/16/2026 12:19:21 AM: [LoadData] Retrieved 35 processes. IsConnected=True
4/16/2026 12:19:21 AM: [ApplyFilter] filtered=35
4/16/2026 12:19:21 AM: [ApplyFilter] ActiveProcesses.Count=35
4/16/2026 12:19:22 AM: [LoadData] Retrieved 35 processes. IsConnected=True
4/16/2026 12:19:22 AM: [ApplyFilter] filtered=35
4/16/2026 12:19:22 AM: [ApplyFilter] ActiveProcesses.Count=35
4/16/2026 12:19:24 AM: [LoadData] Retrieved 35 processes. IsConnected=True
4/16/2026 12:19:24 AM: [ApplyFilter] filtered=35
4/16/2026 12:19:24 AM: [ApplyFilter] ActiveProcesses.Count=35
4/16/2026 12:19:25 AM: [LoadData] Retrieved 35 processes. IsConnected=True
4/16/2026 12:19:25 AM: [ApplyFilter] filtered=35
4/16/2026 12:19:25 AM: [ApplyFilter] ActiveProcesses.Count=35
4/16/2026 12:19:27 AM: [LoadData] Retrieved 35 processes. IsConnected=True
4/16/2026 12:19:27 AM: [ApplyFilter] filtered=35
4/16/2026 12:19:27 AM: [ApplyFilter] ActiveProcesses.Count=35
4/16/2026 12:19:29 AM: [LoadData] Retrieved 35 processes. IsConnected=True
4/16/2026 12:19:29 AM: [ApplyFilter] filtered=35
4/16/2026 12:19:29 AM: [ApplyFilter] ActiveProcesses.Count=35
4/16/2026 12:19:30 AM: [LoadData] Retrieved 35 processes. IsConnected=True
4/16/2026 12:19:30 AM: [ApplyFilter] filtered=35
4/16/2026 12:19:30 AM: [ApplyFilter] ActiveProcesses.Count=35
